<?xml version="1.0" encoding="UTF-8"?>
<testng-results ignored="5" total="14" passed="8" failed="1" skipped="0">
  <reporter-output>
  </reporter-output>
  <suite started-at="2022-03-27T16:40:29 IST" name="Suite" finished-at="2022-03-27T16:42:09 IST" duration-ms="100677">
    <groups>
      <group name="Sanity">
        <method signature="AddtoCartTest.addCartTest()[pri:0, instance:testcases.AddtoCartTest@54e1c68b]" name="addCartTest" class="testcases.AddtoCartTest"/>
        <method signature="LoginTest.loginTest(java.lang.String, java.lang.String)[pri:0, instance:testcases.LoginTest@72e5a8e]" name="loginTest" class="testcases.LoginTest"/>
      </group> <!-- Sanity -->
      <group name="Regression">
        <method signature="AddtoCartTest.addCartTest()[pri:0, instance:testcases.AddtoCartTest@54e1c68b]" name="addCartTest" class="testcases.AddtoCartTest"/>
        <method signature="CompleteTest.endtoEnd()[pri:0, instance:testcases.CompleteTest@53aac487]" name="endtoEnd" class="testcases.CompleteTest"/>
      </group> <!-- Regression -->
      <group name="Smoke">
        <method signature="HomepageTest.verifyOrders()[pri:0, instance:testcases.HomepageTest@7db12bb6]" name="verifyOrders" class="testcases.HomepageTest"/>
        <method signature="HomepageTest.verifyWishlist()[pri:0, instance:testcases.HomepageTest@7db12bb6]" name="verifyWishlist" class="testcases.HomepageTest"/>
        <method signature="IndexPageTest.verifyLogo()[pri:0, instance:testcases.IndexPageTest@52b1beb6]" name="verifyLogo" class="testcases.IndexPageTest"/>
        <method signature="IndexPageTest.verifyTitle()[pri:0, instance:testcases.IndexPageTest@52b1beb6]" name="verifyTitle" class="testcases.IndexPageTest"/>
        <method signature="LoginTest.loginTest(java.lang.String, java.lang.String)[pri:0, instance:testcases.LoginTest@72e5a8e]" name="loginTest" class="testcases.LoginTest"/>
        <method signature="SearchPageTest.showBookSearch()[pri:0, instance:testcases.SearchPageTest@273e7444]" name="showBookSearch" class="testcases.SearchPageTest"/>
      </group> <!-- Smoke -->
    </groups>
    <test started-at="2022-03-27T16:40:29 IST" name="Full_Test" finished-at="2022-03-27T16:42:09 IST" duration-ms="100677">
      <class name="testcases.SearchPageTest">
        <test-method is-config="true" signature="setup(java.lang.String)[pri:0, instance:testcases.SearchPageTest@273e7444]" started-at="2022-03-27T16:41:55 IST" name="setup" finished-at="2022-03-27T16:41:57 IST" duration-ms="2518" status="PASS">
          <params>
            <param index="0">
              <value>
                <![CDATA[Chrome]]>
              </value>
            </param>
          </params>
          <reporter-output>
          </reporter-output>
        </test-method> <!-- setup -->
        <test-method signature="showBookSearch()[pri:0, instance:testcases.SearchPageTest@273e7444]" started-at="2022-03-27T16:41:57 IST" name="showBookSearch" finished-at="2022-03-27T16:42:01 IST" duration-ms="4094" status="PASS">
          <reporter-output>
          </reporter-output>
        </test-method> <!-- showBookSearch -->
        <test-method is-config="true" signature="tearDown()[pri:0, instance:testcases.SearchPageTest@273e7444]" started-at="2022-03-27T16:42:01 IST" name="tearDown" finished-at="2022-03-27T16:42:02 IST" duration-ms="599" status="PASS">
          <reporter-output>
          </reporter-output>
        </test-method> <!-- tearDown -->
        <test-method is-config="true" signature="afterTestSuite()[pri:0, instance:testcases.SearchPageTest@273e7444]" started-at="2022-03-27T16:42:02 IST" name="afterTestSuite" finished-at="2022-03-27T16:42:02 IST" duration-ms="34" status="PASS">
          <reporter-output>
          </reporter-output>
        </test-method> <!-- afterTestSuite -->
      </class> <!-- testcases.SearchPageTest -->
      <class name="testcases.IndexPageTest">
        <test-method is-config="true" signature="setup(java.lang.String)[pri:0, instance:testcases.IndexPageTest@52b1beb6]" started-at="2022-03-27T16:41:49 IST" name="setup" finished-at="2022-03-27T16:41:51 IST" duration-ms="2053" status="PASS">
          <params>
            <param index="0">
              <value>
                <![CDATA[Chrome]]>
              </value>
            </param>
          </params>
          <reporter-output>
          </reporter-output>
        </test-method> <!-- setup -->
        <test-method signature="verifyLogo()[pri:0, instance:testcases.IndexPageTest@52b1beb6]" started-at="2022-03-27T16:41:51 IST" name="verifyLogo" finished-at="2022-03-27T16:41:51 IST" duration-ms="92" status="PASS">
          <reporter-output>
          </reporter-output>
        </test-method> <!-- verifyLogo -->
        <test-method is-config="true" signature="tearDown()[pri:0, instance:testcases.IndexPageTest@52b1beb6]" started-at="2022-03-27T16:41:51 IST" name="tearDown" finished-at="2022-03-27T16:41:52 IST" duration-ms="576" status="PASS">
          <reporter-output>
          </reporter-output>
        </test-method> <!-- tearDown -->
        <test-method is-config="true" signature="afterTestSuite()[pri:0, instance:testcases.IndexPageTest@52b1beb6]" started-at="2022-03-27T16:41:52 IST" name="afterTestSuite" finished-at="2022-03-27T16:41:52 IST" duration-ms="30" status="PASS">
          <reporter-output>
          </reporter-output>
        </test-method> <!-- afterTestSuite -->
        <test-method is-config="true" signature="setup(java.lang.String)[pri:0, instance:testcases.IndexPageTest@52b1beb6]" started-at="2022-03-27T16:41:52 IST" name="setup" finished-at="2022-03-27T16:41:54 IST" duration-ms="2290" status="PASS">
          <params>
            <param index="0">
              <value>
                <![CDATA[Chrome]]>
              </value>
            </param>
          </params>
          <reporter-output>
          </reporter-output>
        </test-method> <!-- setup -->
        <test-method signature="verifyTitle()[pri:0, instance:testcases.IndexPageTest@52b1beb6]" started-at="2022-03-27T16:41:54 IST" name="verifyTitle" finished-at="2022-03-27T16:41:54 IST" duration-ms="5" status="PASS">
          <reporter-output>
          </reporter-output>
        </test-method> <!-- verifyTitle -->
        <test-method is-config="true" signature="tearDown()[pri:0, instance:testcases.IndexPageTest@52b1beb6]" started-at="2022-03-27T16:41:54 IST" name="tearDown" finished-at="2022-03-27T16:41:55 IST" duration-ms="576" status="PASS">
          <reporter-output>
          </reporter-output>
        </test-method> <!-- tearDown -->
        <test-method is-config="true" signature="afterTestSuite()[pri:0, instance:testcases.IndexPageTest@52b1beb6]" started-at="2022-03-27T16:41:55 IST" name="afterTestSuite" finished-at="2022-03-27T16:41:55 IST" duration-ms="38" status="PASS">
          <reporter-output>
          </reporter-output>
        </test-method> <!-- afterTestSuite -->
      </class> <!-- testcases.IndexPageTest -->
      <class name="testcases.CompleteTest">
        <test-method is-config="true" signature="setup(java.lang.String)[pri:0, instance:testcases.CompleteTest@53aac487]" started-at="2022-03-27T16:41:13 IST" name="setup" finished-at="2022-03-27T16:41:15 IST" duration-ms="2263" status="PASS">
          <params>
            <param index="0">
              <value>
                <![CDATA[Chrome]]>
              </value>
            </param>
          </params>
          <reporter-output>
          </reporter-output>
        </test-method> <!-- setup -->
        <test-method signature="endtoEnd()[pri:0, instance:testcases.CompleteTest@53aac487]" started-at="2022-03-27T16:41:15 IST" name="endtoEnd" finished-at="2022-03-27T16:41:48 IST" duration-ms="33364" status="PASS">
          <reporter-output>
          </reporter-output>
        </test-method> <!-- endtoEnd -->
        <test-method is-config="true" signature="tearDown()[pri:0, instance:testcases.CompleteTest@53aac487]" started-at="2022-03-27T16:41:48 IST" name="tearDown" finished-at="2022-03-27T16:41:49 IST" duration-ms="603" status="PASS">
          <reporter-output>
          </reporter-output>
        </test-method> <!-- tearDown -->
        <test-method is-config="true" signature="afterTestSuite()[pri:0, instance:testcases.CompleteTest@53aac487]" started-at="2022-03-27T16:41:49 IST" name="afterTestSuite" finished-at="2022-03-27T16:41:49 IST" duration-ms="31" status="PASS">
          <reporter-output>
          </reporter-output>
        </test-method> <!-- afterTestSuite -->
      </class> <!-- testcases.CompleteTest -->
      <class name="testcases.AddtoCartTest">
        <test-method is-config="true" signature="setup(java.lang.String)[pri:0, instance:testcases.AddtoCartTest@54e1c68b]" started-at="2022-03-27T16:40:42 IST" name="setup" finished-at="2022-03-27T16:40:44 IST" duration-ms="2050" status="PASS">
          <params>
            <param index="0">
              <value>
                <![CDATA[Chrome]]>
              </value>
            </param>
          </params>
          <reporter-output>
          </reporter-output>
        </test-method> <!-- setup -->
        <test-method signature="addCartTest()[pri:0, instance:testcases.AddtoCartTest@54e1c68b]" started-at="2022-03-27T16:40:44 IST" name="addCartTest" finished-at="2022-03-27T16:41:12 IST" duration-ms="28059" status="PASS">
          <reporter-output>
          </reporter-output>
        </test-method> <!-- addCartTest -->
        <test-method is-config="true" signature="tearDown()[pri:0, instance:testcases.AddtoCartTest@54e1c68b]" started-at="2022-03-27T16:41:12 IST" name="tearDown" finished-at="2022-03-27T16:41:13 IST" duration-ms="594" status="PASS">
          <reporter-output>
          </reporter-output>
        </test-method> <!-- tearDown -->
        <test-method is-config="true" signature="afterTestSuite()[pri:0, instance:testcases.AddtoCartTest@54e1c68b]" started-at="2022-03-27T16:41:13 IST" name="afterTestSuite" finished-at="2022-03-27T16:41:13 IST" duration-ms="47" status="PASS">
          <reporter-output>
          </reporter-output>
        </test-method> <!-- afterTestSuite -->
      </class> <!-- testcases.AddtoCartTest -->
      <class name="testcases.HomepageTest">
        <test-method is-config="true" signature="setup(java.lang.String)[pri:0, instance:testcases.HomepageTest@7db12bb6]" started-at="2022-03-27T16:42:02 IST" name="setup" finished-at="2022-03-27T16:42:04 IST" duration-ms="2042" status="PASS">
          <params>
            <param index="0">
              <value>
                <![CDATA[Chrome]]>
              </value>
            </param>
          </params>
          <reporter-output>
          </reporter-output>
        </test-method> <!-- setup -->
        <test-method signature="verifyOrders()[pri:0, instance:testcases.HomepageTest@7db12bb6]" started-at="2022-03-27T16:42:04 IST" name="verifyOrders" finished-at="2022-03-27T16:42:05 IST" duration-ms="1087" status="PASS">
          <reporter-output>
          </reporter-output>
        </test-method> <!-- verifyOrders -->
        <test-method is-config="true" signature="tearDown()[pri:0, instance:testcases.HomepageTest@7db12bb6]" started-at="2022-03-27T16:42:05 IST" name="tearDown" finished-at="2022-03-27T16:42:06 IST" duration-ms="580" status="PASS">
          <reporter-output>
          </reporter-output>
        </test-method> <!-- tearDown -->
        <test-method is-config="true" signature="afterTestSuite()[pri:0, instance:testcases.HomepageTest@7db12bb6]" started-at="2022-03-27T16:42:06 IST" name="afterTestSuite" finished-at="2022-03-27T16:42:06 IST" duration-ms="38" status="PASS">
          <reporter-output>
          </reporter-output>
        </test-method> <!-- afterTestSuite -->
        <test-method is-config="true" signature="setup(java.lang.String)[pri:0, instance:testcases.HomepageTest@7db12bb6]" started-at="2022-03-27T16:42:06 IST" name="setup" finished-at="2022-03-27T16:42:07 IST" duration-ms="1850" status="PASS">
          <params>
            <param index="0">
              <value>
                <![CDATA[Chrome]]>
              </value>
            </param>
          </params>
          <reporter-output>
          </reporter-output>
        </test-method> <!-- setup -->
        <test-method signature="verifyWishlist()[pri:0, instance:testcases.HomepageTest@7db12bb6]" started-at="2022-03-27T16:42:07 IST" name="verifyWishlist" finished-at="2022-03-27T16:42:09 IST" duration-ms="1103" status="PASS">
          <reporter-output>
          </reporter-output>
        </test-method> <!-- verifyWishlist -->
        <test-method is-config="true" signature="tearDown()[pri:0, instance:testcases.HomepageTest@7db12bb6]" started-at="2022-03-27T16:42:09 IST" name="tearDown" finished-at="2022-03-27T16:42:09 IST" duration-ms="587" status="PASS">
          <reporter-output>
          </reporter-output>
        </test-method> <!-- tearDown -->
        <test-method is-config="true" signature="afterTestSuite()[pri:0, instance:testcases.HomepageTest@7db12bb6]" started-at="2022-03-27T16:42:09 IST" name="afterTestSuite" finished-at="2022-03-27T16:42:09 IST" duration-ms="35" status="PASS">
          <reporter-output>
          </reporter-output>
        </test-method> <!-- afterTestSuite -->
      </class> <!-- testcases.HomepageTest -->
      <class name="testcases.LoginTest">
        <test-method is-config="true" signature="loadConfig()[pri:0, instance:testcases.LoginTest@72e5a8e]" started-at="2022-03-27T16:40:28 IST" name="loadConfig" finished-at="2022-03-27T16:40:29 IST" duration-ms="134" status="PASS">
          <reporter-output>
          </reporter-output>
        </test-method> <!-- loadConfig -->
        <test-method is-config="true" signature="setup(java.lang.String)[pri:0, instance:testcases.LoginTest@72e5a8e]" started-at="2022-03-27T16:40:29 IST" name="setup" finished-at="2022-03-27T16:40:32 IST" duration-ms="2812" status="PASS">
          <params>
            <param index="0">
              <value>
                <![CDATA[Chrome]]>
              </value>
            </param>
          </params>
          <reporter-output>
          </reporter-output>
        </test-method> <!-- setup -->
        <test-method signature="loginTest(java.lang.String, java.lang.String)[pri:0, instance:testcases.LoginTest@72e5a8e]" started-at="2022-03-27T16:40:32 IST" name="loginTest" data-provider="credentialData" finished-at="2022-03-27T16:40:35 IST" duration-ms="3305" status="PASS">
          <params>
            <param index="0">
              <value>
                <![CDATA[ashish.workmail6@gmail.com]]>
              </value>
            </param>
            <param index="1">
              <value>
                <![CDATA[Password@123]]>
              </value>
            </param>
          </params>
          <reporter-output>
          </reporter-output>
        </test-method> <!-- loginTest -->
        <test-method is-config="true" signature="tearDown()[pri:0, instance:testcases.LoginTest@72e5a8e]" started-at="2022-03-27T16:40:35 IST" name="tearDown" finished-at="2022-03-27T16:40:36 IST" duration-ms="582" status="PASS">
          <reporter-output>
          </reporter-output>
        </test-method> <!-- tearDown -->
        <test-method is-config="true" signature="afterTestSuite()[pri:0, instance:testcases.LoginTest@72e5a8e]" started-at="2022-03-27T16:40:36 IST" name="afterTestSuite" finished-at="2022-03-27T16:40:36 IST" duration-ms="204" status="PASS">
          <reporter-output>
          </reporter-output>
        </test-method> <!-- afterTestSuite -->
        <test-method is-config="true" signature="setup(java.lang.String)[pri:0, instance:testcases.LoginTest@72e5a8e]" started-at="2022-03-27T16:40:36 IST" name="setup" finished-at="2022-03-27T16:40:38 IST" duration-ms="2262" status="PASS">
          <params>
            <param index="0">
              <value>
                <![CDATA[Chrome]]>
              </value>
            </param>
          </params>
          <reporter-output>
          </reporter-output>
        </test-method> <!-- setup -->
        <test-method signature="loginTest(java.lang.String, java.lang.String)[pri:0, instance:testcases.LoginTest@72e5a8e]" started-at="2022-03-27T16:40:38 IST" name="loginTest" data-provider="credentialData" finished-at="2022-03-27T16:40:41 IST" duration-ms="2894" status="FAIL">
          <params>
            <param index="0">
              <value>
                <![CDATA[manishpal8423@gmail.com]]>
              </value>
            </param>
            <param index="1">
              <value>
                <![CDATA[password]]>
              </value>
            </param>
          </params>
          <exception class="java.lang.AssertionError">
            <message>
              <![CDATA[expected [https://www.bookswagon.com/myaccount.aspx] but found [https://www.bookswagon.com/login]]]>
            </message>
            <full-stacktrace>
              <![CDATA[java.lang.AssertionError: expected [https://www.bookswagon.com/myaccount.aspx] but found [https://www.bookswagon.com/login]
at org.testng.Assert.fail(Assert.java:97)
at org.testng.Assert.assertEqualsImpl(Assert.java:136)
at org.testng.Assert.assertEquals(Assert.java:118)
at org.testng.Assert.assertEquals(Assert.java:575)
at org.testng.Assert.assertEquals(Assert.java:585)
at testcases.LoginTest.loginTest(LoginTest.java:47)
at java.base/jdk.internal.reflect.NativeMethodAccessorImpl.invoke0(Native Method)
at java.base/jdk.internal.reflect.NativeMethodAccessorImpl.invoke(NativeMethodAccessorImpl.java:64)
at java.base/jdk.internal.reflect.DelegatingMethodAccessorImpl.invoke(DelegatingMethodAccessorImpl.java:43)
at java.base/java.lang.reflect.Method.invoke(Method.java:564)
at org.testng.internal.MethodInvocationHelper.invokeMethod(MethodInvocationHelper.java:134)
at org.testng.internal.TestInvoker.invokeMethod(TestInvoker.java:597)
at org.testng.internal.TestInvoker.invokeTestMethod(TestInvoker.java:173)
at org.testng.internal.MethodRunner.runInSequence(MethodRunner.java:46)
at org.testng.internal.TestInvoker$MethodInvocationAgent.invoke(TestInvoker.java:816)
at org.testng.internal.TestInvoker.invokeTestMethods(TestInvoker.java:146)
at org.testng.internal.TestMethodWorker.invokeTestMethods(TestMethodWorker.java:146)
at org.testng.internal.TestMethodWorker.run(TestMethodWorker.java:128)
at java.base/java.util.ArrayList.forEach(ArrayList.java:1511)
at org.testng.TestRunner.privateRun(TestRunner.java:766)
at org.testng.TestRunner.run(TestRunner.java:587)
at org.testng.SuiteRunner.runTest(SuiteRunner.java:384)
at org.testng.SuiteRunner.runSequentially(SuiteRunner.java:378)
at org.testng.SuiteRunner.privateRun(SuiteRunner.java:337)
at org.testng.SuiteRunner.run(SuiteRunner.java:286)
at org.testng.SuiteRunnerWorker.runSuite(SuiteRunnerWorker.java:53)
at org.testng.SuiteRunnerWorker.run(SuiteRunnerWorker.java:96)
at org.testng.TestNG.runSuitesSequentially(TestNG.java:1187)
at org.testng.TestNG.runSuitesLocally(TestNG.java:1109)
at org.testng.TestNG.runSuites(TestNG.java:1039)
at org.testng.TestNG.run(TestNG.java:1007)
at org.testng.remote.AbstractRemoteTestNG.run(AbstractRemoteTestNG.java:115)
at org.testng.remote.RemoteTestNG.initAndRun(RemoteTestNG.java:251)
at org.testng.remote.RemoteTestNG.main(RemoteTestNG.java:77)
]]>
            </full-stacktrace>
          </exception> <!-- java.lang.AssertionError -->
          <reporter-output>
          </reporter-output>
        </test-method> <!-- loginTest -->
        <test-method is-config="true" signature="tearDown()[pri:0, instance:testcases.LoginTest@72e5a8e]" started-at="2022-03-27T16:40:41 IST" name="tearDown" finished-at="2022-03-27T16:40:42 IST" duration-ms="577" status="PASS">
          <reporter-output>
          </reporter-output>
        </test-method> <!-- tearDown -->
        <test-method is-config="true" signature="afterTestSuite()[pri:0, instance:testcases.LoginTest@72e5a8e]" started-at="2022-03-27T16:40:42 IST" name="afterTestSuite" finished-at="2022-03-27T16:40:42 IST" duration-ms="48" status="PASS">
          <reporter-output>
          </reporter-output>
        </test-method> <!-- afterTestSuite -->
      </class> <!-- testcases.LoginTest -->
    </test> <!-- Full_Test -->
  </suite> <!-- Suite -->
</testng-results>
